<?xml version="1.0" encoding="UTF-8"?>
<!-- Generated by org.testng.reporters.JUnitXMLReporter -->
<testsuite ignored="0" hostname="windows" failures="0" tests="2" name="NegativeTests" time="30.543" errors="0" timestamp="22 Apr 2021 04:55:55 GMT">
  <testcase classname="com.herokuapp.thinternet.NegativeTests" name="incorrectPasswordTest" time="10.643"/>
  <testcase classname="com.herokuapp.thinternet.NegativeTests" name="incorrectUsernameTest" time="19.882"/>
</testsuite> <!-- NegativeTests -->
