<?xml version="1.0" encoding="UTF-8"?>
<testng-results ignored="0" total="2" passed="2" failed="0" skipped="0">
  <reporter-output>
  </reporter-output>
  <suite started-at="2021-04-22T06:53:54Z" name="Surefire suite" finished-at="2021-04-22T06:54:20Z" duration-ms="25250">
    <groups>
    </groups>
    <test started-at="2021-04-22T06:53:54Z" name="Surefire test" finished-at="2021-04-22T06:54:20Z" duration-ms="25250">
      <class name="com.herokuapp.thinternet.NegativeTests">
        <test-method signature="incorrectPasswordTest()[pri:0, instance:com.herokuapp.thinternet.NegativeTests@130161f7]" started-at="2021-04-22T06:53:54Z" name="incorrectPasswordTest" finished-at="2021-04-22T06:54:07Z" duration-ms="12500" status="PASS">
          <reporter-output>
          </reporter-output>
        </test-method> <!-- incorrectPasswordTest -->
        <test-method signature="incorrectUsernameTest()[pri:0, instance:com.herokuapp.thinternet.NegativeTests@130161f7]" started-at="2021-04-22T06:54:07Z" name="incorrectUsernameTest" finished-at="2021-04-22T06:54:20Z" duration-ms="12698" status="PASS">
          <reporter-output>
          </reporter-output>
        </test-method> <!-- incorrectUsernameTest -->
      </class> <!-- com.herokuapp.thinternet.NegativeTests -->
    </test> <!-- Surefire test -->
  </suite> <!-- Surefire suite -->
</testng-results>
