<?xml version="1.0" encoding="UTF-8"?>
<testng-results ignored="0" total="1" passed="1" failed="0" skipped="0">
  <reporter-output>
  </reporter-output>
  <suite started-at="2021-04-22T05:34:03Z" name="Default suite" finished-at="2021-04-22T05:34:24Z" duration-ms="20969">
    <groups>
    </groups>
    <test started-at="2021-04-22T05:34:03Z" name="Default test" finished-at="2021-04-22T05:34:24Z" duration-ms="20969">
      <class name="com.herokuapp.thinternet.PositiveTests">
        <test-method signature="loginTest()[pri:0, instance:com.herokuapp.thinternet.PositiveTests@4b5189ac]" started-at="2021-04-22T05:34:03Z" name="loginTest" finished-at="2021-04-22T05:34:24Z" duration-ms="20885" status="PASS">
          <reporter-output>
          </reporter-output>
        </test-method> <!-- loginTest -->
      </class> <!-- com.herokuapp.thinternet.PositiveTests -->
    </test> <!-- Default test -->
  </suite> <!-- Default suite -->
</testng-results>
